2026-02-03 17:07:06,140 - app.routers.sentences - INFO - Fetching sentences for text 3
2026-02-03 17:07:06,145 - app.routers.sentences - INFO - Fetching sentences for text 3
2026-02-03 17:07:17,243 - app.routers.texts - INFO - Listing texts for User 1
2026-02-03 17:07:17,247 - app.routers.texts - INFO - Listing texts for User 1
2026-02-03 17:08:01,625 - app.routers.sentences - INFO - Fetching sentences for text 3
2026-02-03 17:08:01,632 - app.routers.sentences - INFO - Fetching sentences for text 3
2026-02-03 17:12:47,458 - app.routers.texts - INFO - Listing texts for User 1
2026-02-03 17:12:47,463 - app.routers.texts - INFO - Listing texts for User 1
2026-02-03 17:12:47,467 - app.routers.sentences - INFO - Fetching sentences for text 3
2026-02-03 17:12:47,472 - app.routers.sentences - INFO - Fetching sentences for text 3
2026-02-03 17:13:21,149 - app.routers.sentences - INFO - Fetching sentences for text 3
2026-02-03 17:13:21,155 - app.routers.sentences - INFO - Fetching sentences for text 3
2026-02-03 17:30:56,646 - app.routers.sentences - INFO - Fetching sentences for text 3
2026-02-03 17:30:56,656 - app.routers.sentences - INFO - Fetching sentences for text 3
2026-02-03 17:31:01,859 - app.routers.sentences - INFO - Fetching sentences for text 3
2026-02-03 17:31:01,866 - app.routers.sentences - INFO - Fetching sentences for text 3
2026-02-03 17:31:04,840 - app.routers.texts - INFO - Listing texts for User 1
2026-02-03 17:31:04,842 - app.routers.texts - INFO - Listing texts for User 1
2026-02-03 17:31:06,396 - app.routers.texts - INFO - Listing texts for User 1
2026-02-03 17:31:06,400 - app.routers.texts - INFO - Listing texts for User 1
2026-02-03 17:31:06,969 - app.routers.texts - INFO - Listing texts for User 1
2026-02-03 17:31:06,974 - app.routers.texts - INFO - Listing texts for User 1
2026-02-03 17:31:07,925 - app.routers.sentences - INFO - Fetching sentences for text 3
2026-02-03 17:31:07,933 - app.routers.sentences - INFO - Fetching sentences for text 3
2026-02-03 17:33:31,867 - app.routers.texts - INFO - Listing texts for User 1
2026-02-03 17:33:31,872 - app.routers.texts - INFO - Listing texts for User 1
2026-02-03 17:33:39,533 - app.routers.sentences - INFO - Fetching sentences for text 3
2026-02-03 17:33:39,539 - app.routers.sentences - INFO - Fetching sentences for text 3
2026-02-03 17:34:06,965 - app.routers.texts - INFO - Listing texts for User 1
2026-02-03 17:34:06,968 - app.routers.texts - INFO - Listing texts for User 1
2026-02-03 17:34:08,403 - app.routers.texts - INFO - Listing texts for User 1
2026-02-03 17:34:08,407 - app.routers.texts - INFO - Listing texts for User 1
2026-02-03 17:34:09,126 - app.routers.texts - INFO - Listing texts for User 1
2026-02-03 17:34:09,129 - app.routers.texts - INFO - Listing texts for User 1
2026-02-03 17:34:10,466 - app.routers.sentences - INFO - Fetching sentences for text 3
2026-02-03 17:34:10,473 - app.routers.sentences - INFO - Fetching sentences for text 3
2026-02-03 17:34:22,963 - app.routers.texts - INFO - Listing texts for User 1
2026-02-03 17:34:22,967 - app.routers.texts - INFO - Listing texts for User 1
2026-02-03 17:34:23,729 - app.routers.sentences - INFO - Fetching sentences for text 3
2026-02-03 17:34:23,733 - app.routers.sentences - INFO - Fetching sentences for text 3
2026-02-03 17:35:09,965 - app.routers.texts - INFO - Listing texts for User 1
2026-02-03 17:35:09,970 - app.routers.texts - INFO - Listing texts for User 1
2026-02-03 17:35:13,385 - app.routers.sentences - INFO - Fetching sentences for text 3
2026-02-03 17:35:13,392 - app.routers.sentences - INFO - Fetching sentences for text 3
2026-02-03 17:38:45,724 - app.routers.texts - INFO - Listing texts for User 1
2026-02-03 17:38:45,729 - app.routers.texts - INFO - Listing texts for User 1
2026-02-03 17:38:48,090 - app.routers.sentences - INFO - Fetching sentences for text 3
2026-02-03 17:38:48,096 - app.routers.sentences - INFO - Fetching sentences for text 3
2026-02-03 17:39:22,399 - app.routers.texts - INFO - Listing texts for User 1
2026-02-03 17:39:22,404 - app.routers.texts - INFO - Listing texts for User 1
2026-02-03 17:39:24,234 - app.routers.sentences - INFO - Fetching sentences for text 3
2026-02-03 17:39:24,241 - app.routers.sentences - INFO - Fetching sentences for text 3
2026-02-03 17:39:37,973 - app.routers.sentences - INFO - Fetching sentences for text 3
2026-02-03 17:39:37,983 - app.routers.sentences - INFO - Fetching sentences for text 3
2026-02-03 17:40:13,704 - app.routers.auth - INFO - Login attempt for email: chanlk9527@gmail.com
2026-02-03 17:40:13,720 - app.routers.texts - INFO - Listing texts for User 1
2026-02-03 17:40:13,725 - app.routers.texts - INFO - Listing texts for User 1
2026-02-03 17:40:16,706 - app.routers.sentences - INFO - Fetching sentences for text 3
2026-02-03 17:40:16,711 - app.routers.sentences - INFO - Fetching sentences for text 3
2026-02-03 17:43:02,340 - app.services.ai - INFO - [Aliyun Stream] Prompt: System=You are an expert reading coach. The user is readi... User=这段话里有哪些值得积累的地道表达或搭配？...
2026-02-03 17:43:06,985 - httpx - INFO - HTTP Request: POST https://dashscope.aliyuncs.com/api/v1/services/aigc/text-generation/generation "HTTP/1.1 200 OK"
2026-02-03 17:51:03,891 - app.routers.sentences - INFO - Fetching sentences for text 3
2026-02-03 17:51:03,900 - app.routers.sentences - INFO - Fetching sentences for text 3
2026-02-03 17:51:05,276 - app.routers.sentences - INFO - Fetching sentences for text 3
2026-02-03 17:51:05,281 - app.routers.sentences - INFO - Fetching sentences for text 3
2026-02-03 17:51:16,539 - app.routers.sentences - INFO - Fetching sentences for text 3
2026-02-03 17:51:16,545 - app.routers.sentences - INFO - Fetching sentences for text 3
2026-02-03 17:51:31,076 - app.routers.sentences - INFO - Fetching sentences for text 3
2026-02-03 17:51:31,083 - app.routers.sentences - INFO - Fetching sentences for text 3
